<?xml version="1.0" encoding="UTF-8"?>
<testsuites>
	<testsuite tests="8" errors="0" failures="0" time="0.017" timestamp="2016-03-07T20:19:17">
		<testcase classname="Jukebox" name="#menu binds a click event to the menu button" time="0.005">
		</testcase>
		<testcase classname="Jukebox" name="#menu shows the jukebox options in the browser" time="0.002">
		</testcase>
		<testcase classname="Jukebox" name="#play adds a click event to the play button" time="0.001">
		</testcase>
		<testcase classname="Jukebox" name="#play displays the song being played" time="0.001">
		</testcase>
		<testcase classname="Jukebox" name="#pause adds a click event to the pause button" time="0.002">
		</testcase>
		<testcase classname="Jukebox" name="#pause displays the song being paused" time="0.001">
		</testcase>
		<testcase classname="Jukebox" name="#show adds a click event to the show button" time="0.002">
		</testcase>
		<testcase classname="Jukebox" name="#show displays the songs in the jukebox" time="0.001">
		</testcase>
	</testsuite>
</testsuites>

